Arguments: 
  C:\Program Files\nodejs\node.exe C:\Users\theod\AppData\Roaming\npm\node_modules\yarn\bin\yarn.js init

PATH: 
  C:\Python312\Scripts\;C:\Python312\;C:\WINDOWS\system32;C:\WINDOWS;C:\WINDOWS\System32\Wbem;C:\WINDOWS\System32\WindowsPowerShell\v1.0\;C:\WINDOWS\System32\OpenSSH\;C:\Program Files (x86)\NVIDIA Corporation\PhysX\Common;C:\Program Files\NVIDIA Corporation\NVIDIA NvDLISR;C:\Users\theod\AppData\Local\Microsoft\WindowsApps\PythonSoftwareFoundation.Python.3.11_qbz5n2kfra8p0\python.exe;C:\Program Files\nodejs\;C:\ProgramData\chocolatey\bin;C:\Users\theod\AppData\Local\Microsoft\WindowsApps;C:\Users\theod\AppData\Local\Programs\Microsoft VS Code\bin;C:\Users\theod\AppData\Local\GitHubDesktop\bin;C:\Users\theod\AppData\Roaming\npm

Yarn version: 
  1.22.19

Node version: 
  14.21.3

Platform: 
  win32 x64

Trace: 
  Error: canceled
      at Interface.<anonymous> (C:\Users\theod\AppData\Roaming\npm\node_modules\yarn\lib\cli.js:137150:13)
      at Interface.emit (events.js:400:28)
      at Interface._ttyWrite (readline.js:1001:16)
      at ReadStream.onkeypress (readline.js:265:10)
      at ReadStream.emit (events.js:400:28)
      at emitKeys (internal/readline/utils.js:358:14)
      at emitKeys.next (<anonymous>)
      at ReadStream.onData (readline.js:1270:36)
      at ReadStream.emit (events.js:400:28)
      at addChunk (internal/streams/readable.js:293:12)

npm manifest: 
  No manifest

yarn manifest: 
  No manifest

Lockfile: 
  No lockfile
